\BOOKMARK [1][-]{section.1}{\376\377\000A\000d\000d\000e\000r\000\040\000S\000t\000r\000u\000c\000t\000u\000r\000e}{}% 1
\BOOKMARK [1][-]{section.2}{\376\377\000D\000e\000s\000i\000g\000n\000\040\000D\000e\000t\000a\000i\000l\000s}{}% 2
\BOOKMARK [2][-]{subsection.2.1}{\376\377\000X\000O\000R\000\040\000L\000o\000g\000i\000c}{section.2}% 3
\BOOKMARK [2][-]{subsection.2.2}{\376\377\000D\000\040\000F\000l\000i\000p\000-\000F\000l\000o\000p}{section.2}% 4
\BOOKMARK [1][-]{section.3}{\376\377\000S\000i\000m\000u\000l\000a\000t\000i\000o\000n\000\040\000R\000e\000s\000u\000l\000t\000s}{}% 5
\BOOKMARK [2][-]{subsection.3.1}{\376\377\000A\000N\000D\000\040\000L\000o\000g\000i\000c}{section.3}% 6
\BOOKMARK [3][-]{figure.caption.4}{\376\377\000A\000N\000D\0002}{subsection.3.1}% 7
\BOOKMARK [3][-]{figure.caption.5}{\376\377\000A\000N\000D\0003}{subsection.3.1}% 8
\BOOKMARK [3][-]{figure.caption.6}{\376\377\000A\000N\000D\0004}{subsection.3.1}% 9
\BOOKMARK [3][-]{figure.caption.7}{\376\377\000A\000N\000D\0005}{subsection.3.1}% 10
\BOOKMARK [2][-]{subsection.3.2}{\376\377\000O\000R\000\040\000L\000o\000g\000i\000c}{section.3}% 11
\BOOKMARK [3][-]{figure.caption.8}{\376\377\000O\000R\0002}{subsection.3.2}% 12
\BOOKMARK [3][-]{figure.caption.9}{\376\377\000O\000R\0003}{subsection.3.2}% 13
\BOOKMARK [3][-]{figure.caption.10}{\376\377\000O\000R\0004}{subsection.3.2}% 14
\BOOKMARK [3][-]{figure.caption.11}{\376\377\000O\000R\0005}{subsection.3.2}% 15
\BOOKMARK [2][-]{subsection.3.3}{\376\377\000X\000O\000R\000\040\000L\000o\000g\000i\000c}{section.3}% 16
\BOOKMARK [2][-]{subsection.3.4}{\376\377\000D\000\040\000F\000l\000i\000p\000-\000F\000l\000o\000p}{section.3}% 17
\BOOKMARK [1][-]{section.4}{\376\377\000S\000e\000t\000u\000p\000,\000\040\000H\000o\000l\000d\000,\000\040\000C\000t\000Q\000\040\000T\000i\000m\000e\000\040\000o\000f\000\040\000D\000\137\000F\000F}{}% 18
\BOOKMARK [1][-]{section.5}{\376\377\000S\000t\000i\000c\000k\000\040\000D\000i\000a\000g\000r\000a\000m}{}% 19
\BOOKMARK [1][-]{section.6}{\376\377\000M\000A\000G\000I\000C\000\040\000\046\000\040\000P\000o\000s\000t\000-\000L\000a\000y\000o\000u\000t\000\040\000S\000i\000m\000u\000l\000a\000t\000i\000o\000n\000s}{}% 20
\BOOKMARK [2][-]{subsection.6.1}{\376\377\000A\000N\000D\000\040\000L\000o\000g\000i\000c}{section.6}% 21
\BOOKMARK [3][-]{figure.caption.16}{\376\377\000A\000N\000D\0002}{subsection.6.1}% 22
\BOOKMARK [3][-]{figure.caption.17}{\376\377\000A\000N\000D\0003}{subsection.6.1}% 23
\BOOKMARK [3][-]{figure.caption.18}{\376\377\000A\000N\000D\0004}{subsection.6.1}% 24
\BOOKMARK [3][-]{figure.caption.19}{\376\377\000A\000N\000D\0005}{subsection.6.1}% 25
\BOOKMARK [2][-]{subsection.6.2}{\376\377\000O\000R\000\040\000L\000o\000g\000i\000c}{section.6}% 26
\BOOKMARK [3][-]{figure.caption.20}{\376\377\000O\000R\0002}{subsection.6.2}% 27
\BOOKMARK [3][-]{figure.caption.21}{\376\377\000O\000R\0003}{subsection.6.2}% 28
\BOOKMARK [3][-]{figure.caption.22}{\376\377\000O\000R\0004}{subsection.6.2}% 29
\BOOKMARK [3][-]{figure.caption.23}{\376\377\000O\000R\0005}{subsection.6.2}% 30
\BOOKMARK [2][-]{subsection.6.3}{\376\377\000X\000O\000R\000\040\000L\000o\000g\000i\000c}{section.6}% 31
\BOOKMARK [2][-]{subsection.6.4}{\376\377\000D\000\040\000F\000l\000i\000p\000-\000F\000l\000o\000p}{section.6}% 32
\BOOKMARK [1][-]{section.7}{\376\377\000B\000l\000o\000c\000k\000\040\000I\000n\000t\000e\000g\000r\000a\000t\000i\000o\000n}{}% 33
\BOOKMARK [1][-]{section.8}{\376\377\000F\000l\000o\000o\000r\000\040\000P\000l\000a\000n}{}% 34
\BOOKMARK [1][-]{section.9}{\376\377\000C\000o\000m\000p\000l\000e\000t\000e\000\040\000C\000i\000r\000c\000u\000i\000t\000\040\000P\000o\000s\000t\000-\000L\000a\000y\000o\000u\000t\000\040\000S\000i\000m\000u\000l\000a\000t\000i\000o\000n}{}% 35
\BOOKMARK [1][-]{section.10}{\376\377\000D\000e\000l\000a\000y\000,\000\040\000C\000l\000o\000c\000k\000\040\000F\000r\000e\000q\000u\000e\000n\000c\000y\000\040\000C\000o\000n\000t\000r\000a\000i\000n\000t\000s}{}% 36
\BOOKMARK [1][-]{section.11}{\376\377\000V\000e\000r\000i\000l\000o\000g\000\040\000H\000D\000L}{}% 37
\BOOKMARK [1][-]{section.12}{\376\377\000F\000P\000G\000A\000,\000\040\000O\000s\000c\000i\000l\000l\000o\000s\000c\000o\000p\000e\000\040\000I\000m\000p\000l\000e\000m\000e\000n\000t\000a\000t\000i\000o\000n}{}% 38
