This is pdfTeX, Version 3.141592653-2.6-1.40.22 (TeX Live 2022/dev/Debian) (preloaded format=pdflatex 2024.8.23)  4 DEC 2024 13:02
entering extended mode
 restricted \write18 enabled.
 file:line:error style messages enabled.
 %&-line parsing enabled.
**/home/sudhujoshi/Desktop/Sem_3/VLSI/VLSI_Project/ReportDump/2023102022_Project
(/home/sudhujoshi/Desktop/Sem_3/VLSI/VLSI_Project/ReportDump/2023102022_Project.tex
LaTeX2e <2021-11-15> patch level 1
L3 programming layer <2022-01-21> (./IEEEtran.cls
Document Class: IEEEtran 2015/08/26 V1.8b by Michael Shell
-- See the "IEEEtran_HOWTO" manual for usage information.
-- http://www.michaelshell.org/tex/ieeetran/
\@IEEEtrantmpdimenA=\dimen138
\@IEEEtrantmpdimenB=\dimen139
\@IEEEtrantmpdimenC=\dimen140
\@IEEEtrantmpcountA=\count185
\@IEEEtrantmpcountB=\count186
\@IEEEtrantmpcountC=\count187
\@IEEEtrantmptoksA=\toks16
LaTeX Font Info:    Trying to load font information for OT1+ptm on input line 503.
(/usr/share/texlive/texmf-dist/tex/latex/psnfss/ot1ptm.fd
File: ot1ptm.fd 2001/06/04 font definitions for OT1/ptm.
)
-- Using 8.5in x 11in (letter) paper.
-- Using PDF output.
\@IEEEnormalsizeunitybaselineskip=\dimen141
-- This is a 10 point document.
\CLASSINFOnormalsizebaselineskip=\dimen142
\CLASSINFOnormalsizeunitybaselineskip=\dimen143
\IEEEnormaljot=\dimen144
LaTeX Font Info:    Font shape `OT1/ptm/bx/n' in size <5> not available
(Font)              Font shape `OT1/ptm/b/n' tried instead on input line 1090.
LaTeX Font Info:    Font shape `OT1/ptm/bx/it' in size <5> not available
(Font)              Font shape `OT1/ptm/b/it' tried instead on input line 1090.
LaTeX Font Info:    Font shape `OT1/ptm/bx/n' in size <7> not available
(Font)              Font shape `OT1/ptm/b/n' tried instead on input line 1090.
LaTeX Font Info:    Font shape `OT1/ptm/bx/it' in size <7> not available
(Font)              Font shape `OT1/ptm/b/it' tried instead on input line 1090.
LaTeX Font Info:    Font shape `OT1/ptm/bx/n' in size <8> not available
(Font)              Font shape `OT1/ptm/b/n' tried instead on input line 1090.
LaTeX Font Info:    Font shape `OT1/ptm/bx/it' in size <8> not available
(Font)              Font shape `OT1/ptm/b/it' tried instead on input line 1090.
LaTeX Font Info:    Font shape `OT1/ptm/bx/n' in size <9> not available
(Font)              Font shape `OT1/ptm/b/n' tried instead on input line 1090.
LaTeX Font Info:    Font shape `OT1/ptm/bx/it' in size <9> not available
(Font)              Font shape `OT1/ptm/b/it' tried instead on input line 1090.
LaTeX Font Info:    Font shape `OT1/ptm/bx/n' in size <10> not available
(Font)              Font shape `OT1/ptm/b/n' tried instead on input line 1090.
LaTeX Font Info:    Font shape `OT1/ptm/bx/it' in size <10> not available
(Font)              Font shape `OT1/ptm/b/it' tried instead on input line 1090.
LaTeX Font Info:    Font shape `OT1/ptm/bx/n' in size <11> not available
(Font)              Font shape `OT1/ptm/b/n' tried instead on input line 1090.
LaTeX Font Info:    Font shape `OT1/ptm/bx/it' in size <11> not available
(Font)              Font shape `OT1/ptm/b/it' tried instead on input line 1090.
LaTeX Font Info:    Font shape `OT1/ptm/bx/n' in size <12> not available
(Font)              Font shape `OT1/ptm/b/n' tried instead on input line 1090.
LaTeX Font Info:    Font shape `OT1/ptm/bx/it' in size <12> not available
(Font)              Font shape `OT1/ptm/b/it' tried instead on input line 1090.
LaTeX Font Info:    Font shape `OT1/ptm/bx/n' in size <17> not available
(Font)              Font shape `OT1/ptm/b/n' tried instead on input line 1090.
LaTeX Font Info:    Font shape `OT1/ptm/bx/it' in size <17> not available
(Font)              Font shape `OT1/ptm/b/it' tried instead on input line 1090.
LaTeX Font Info:    Font shape `OT1/ptm/bx/n' in size <20> not available
(Font)              Font shape `OT1/ptm/b/n' tried instead on input line 1090.
LaTeX Font Info:    Font shape `OT1/ptm/bx/it' in size <20> not available
(Font)              Font shape `OT1/ptm/b/it' tried instead on input line 1090.
LaTeX Font Info:    Font shape `OT1/ptm/bx/n' in size <24> not available
(Font)              Font shape `OT1/ptm/b/n' tried instead on input line 1090.
LaTeX Font Info:    Font shape `OT1/ptm/bx/it' in size <24> not available
(Font)              Font shape `OT1/ptm/b/it' tried instead on input line 1090.
\IEEEquantizedlength=\dimen145
\IEEEquantizedlengthdiff=\dimen146
\IEEEquantizedtextheightdiff=\dimen147
\IEEEilabelindentA=\dimen148
\IEEEilabelindentB=\dimen149
\IEEEilabelindent=\dimen150
\IEEEelabelindent=\dimen151
\IEEEdlabelindent=\dimen152
\IEEElabelindent=\dimen153
\IEEEiednormlabelsep=\dimen154
\IEEEiedmathlabelsep=\dimen155
\IEEEiedtopsep=\skip47
\c@section=\count188
\c@subsection=\count189
\c@subsubsection=\count190
\c@paragraph=\count191
\c@IEEEsubequation=\count192
\abovecaptionskip=\skip48
\belowcaptionskip=\skip49
\c@figure=\count193
\c@table=\count194
\@IEEEeqnnumcols=\count195
\@IEEEeqncolcnt=\count196
\@IEEEsubeqnnumrollback=\count197
\@IEEEquantizeheightA=\dimen156
\@IEEEquantizeheightB=\dimen157
\@IEEEquantizeheightC=\dimen158
\@IEEEquantizeprevdepth=\dimen159
\@IEEEquantizemultiple=\count198
\@IEEEquantizeboxA=\box50
\@IEEEtmpitemindent=\dimen160
\IEEEPARstartletwidth=\dimen161
\c@IEEEbiography=\count199
\@IEEEtranrubishbin=\box51
) (/usr/share/texlive/texmf-dist/tex/latex/amsmath/amsmath.sty
Package: amsmath 2021/10/15 v2.17l AMS math features
\@mathmargin=\skip50

For additional information on amsmath, use the `?' option.
(/usr/share/texlive/texmf-dist/tex/latex/amsmath/amstext.sty
Package: amstext 2021/08/26 v2.01 AMS text
 (/usr/share/texlive/texmf-dist/tex/latex/amsmath/amsgen.sty
File: amsgen.sty 1999/11/30 v2.0 generic functions
\@emptytoks=\toks17
\ex@=\dimen162
)) (/usr/share/texlive/texmf-dist/tex/latex/amsmath/amsbsy.sty
Package: amsbsy 1999/11/29 v1.2d Bold Symbols
\pmbraise@=\dimen163
) (/usr/share/texlive/texmf-dist/tex/latex/amsmath/amsopn.sty
Package: amsopn 2021/08/26 v2.02 operator names
)
\inf@bad=\count266
LaTeX Info: Redefining \frac on input line 234.
\uproot@=\count267
\leftroot@=\count268
LaTeX Info: Redefining \overline on input line 399.
\classnum@=\count269
\DOTSCASE@=\count270
LaTeX Info: Redefining \ldots on input line 496.
LaTeX Info: Redefining \dots on input line 499.
LaTeX Info: Redefining \cdots on input line 620.
\Mathstrutbox@=\box52
\strutbox@=\box53
\big@size=\dimen164
LaTeX Font Info:    Redeclaring font encoding OML on input line 743.
LaTeX Font Info:    Redeclaring font encoding OMS on input line 744.
\macc@depth=\count271
\c@MaxMatrixCols=\count272
\dotsspace@=\muskip16
\c@parentequation=\count273
\dspbrk@lvl=\count274
\tag@help=\toks18
\row@=\count275
\column@=\count276
\maxfields@=\count277
\andhelp@=\toks19
\eqnshift@=\dimen165
\alignsep@=\dimen166
\tagshift@=\dimen167
\tagwidth@=\dimen168
\totwidth@=\dimen169
\lineht@=\dimen170
\@envbody=\toks20
\multlinegap=\skip51
\multlinetaggap=\skip52
\mathdisplay@stack=\toks21
LaTeX Info: Redefining \[ on input line 2938.
LaTeX Info: Redefining \] on input line 2939.
) (/usr/share/texlive/texmf-dist/tex/latex/graphics/graphicx.sty
Package: graphicx 2021/09/16 v1.2d Enhanced LaTeX Graphics (DPC,SPQR)
 (/usr/share/texlive/texmf-dist/tex/latex/graphics/keyval.sty
Package: keyval 2014/10/28 v1.15 key=value parser (DPC)
\KV@toks@=\toks22
) (/usr/share/texlive/texmf-dist/tex/latex/graphics/graphics.sty
Package: graphics 2021/03/04 v1.4d Standard LaTeX Graphics (DPC,SPQR)
 (/usr/share/texlive/texmf-dist/tex/latex/graphics/trig.sty
Package: trig 2021/08/11 v1.11 sin cos tan (DPC)
) (/usr/share/texlive/texmf-dist/tex/latex/graphics-cfg/graphics.cfg
File: graphics.cfg 2016/06/04 v1.11 sample graphics configuration
)
Package graphics Info: Driver file: pdftex.def on input line 107.
 (/usr/share/texlive/texmf-dist/tex/latex/graphics-def/pdftex.def
File: pdftex.def 2020/10/05 v1.2a Graphics/color driver for pdftex
))
\Gin@req@height=\dimen171
\Gin@req@width=\dimen172
) (/usr/share/texlive/texmf-dist/tex/latex/grffile/grffile.sty
Package: grffile 2019/11/11 v2.1 Extended file name support for graphics (legacy)
Package grffile Info: This package is an empty stub for compatibility on input line 40.
) (/usr/share/texlive/texmf-dist/tex/latex/listings/listings.sty
\lst@mode=\count278
\lst@gtempboxa=\box54
\lst@token=\toks23
\lst@length=\count279
\lst@currlwidth=\dimen173
\lst@column=\count280
\lst@pos=\count281
\lst@lostspace=\dimen174
\lst@width=\dimen175
\lst@newlines=\count282
\lst@lineno=\count283
\lst@maxwidth=\dimen176
 (/usr/share/texlive/texmf-dist/tex/latex/listings/lstmisc.sty
File: lstmisc.sty 2020/03/24 1.8d (Carsten Heinz)
\c@lstnumber=\count284
\lst@skipnumbers=\count285
\lst@framebox=\box55
) (/usr/share/texlive/texmf-dist/tex/latex/listings/listings.cfg
File: listings.cfg 2020/03/24 1.8d listings configuration
))
Package: listings 2020/03/24 1.8d (Carsten Heinz)
 (/usr/share/texlive/texmf-dist/tex/latex/xcolor/xcolor.sty
Package: xcolor 2021/10/31 v2.13 LaTeX color extensions (UK)
 (/usr/share/texlive/texmf-dist/tex/latex/graphics-cfg/color.cfg
File: color.cfg 2016/01/02 v1.6 sample color configuration
)
Package xcolor Info: Driver file: pdftex.def on input line 227.
Package xcolor Info: Model `cmy' substituted by `cmy0' on input line 1352.
Package xcolor Info: Model `hsb' substituted by `rgb' on input line 1356.
Package xcolor Info: Model `RGB' extended on input line 1368.
Package xcolor Info: Model `HTML' substituted by `rgb' on input line 1370.
Package xcolor Info: Model `Hsb' substituted by `hsb' on input line 1371.
Package xcolor Info: Model `tHsb' substituted by `hsb' on input line 1372.
Package xcolor Info: Model `HSB' substituted by `hsb' on input line 1373.
Package xcolor Info: Model `Gray' substituted by `gray' on input line 1374.
Package xcolor Info: Model `wave' substituted by `hsb' on input line 1375.
) (/usr/share/texlive/texmf-dist/tex/latex/float/float.sty
Package: float 2001/11/08 v1.3d Float enhancements (AL)
\c@float@type=\count286
\float@exts=\toks24
\float@box=\box56
\@float@everytoks=\toks25
\@floatcapt=\box57
) (/usr/share/texlive/texmf-dist/tex/latex/booktabs/booktabs.sty
Package: booktabs 2020/01/12 v1.61803398 Publication quality tables
\heavyrulewidth=\dimen177
\lightrulewidth=\dimen178
\cmidrulewidth=\dimen179
\belowrulesep=\dimen180
\belowbottomsep=\dimen181
\aboverulesep=\dimen182
\abovetopsep=\dimen183
\cmidrulesep=\dimen184
\cmidrulekern=\dimen185
\defaultaddspace=\dimen186
\@cmidla=\count287
\@cmidlb=\count288
\@aboverulesep=\dimen187
\@belowrulesep=\dimen188
\@thisruleclass=\count289
\@lastruleclass=\count290
\@thisrulewidth=\dimen189
) (/usr/share/texlive/texmf-dist/tex/latex/pgf/frontendlayer/tikz.sty (/usr/share/texlive/texmf-dist/tex/latex/pgf/basiclayer/pgf.sty (/usr/share/texlive/texmf-dist/tex/latex/pgf/utilities/pgfrcs.sty (/usr/share/texlive/texmf-dist/tex/generic/pgf/utilities/pgfutil-common.tex
\pgfutil@everybye=\toks26
\pgfutil@tempdima=\dimen190
\pgfutil@tempdimb=\dimen191
 (/usr/share/texlive/texmf-dist/tex/generic/pgf/utilities/pgfutil-common-lists.tex)) (/usr/share/texlive/texmf-dist/tex/generic/pgf/utilities/pgfutil-latex.def
\pgfutil@abb=\box58
) (/usr/share/texlive/texmf-dist/tex/generic/pgf/utilities/pgfrcs.code.tex (/usr/share/texlive/texmf-dist/tex/generic/pgf/pgf.revision.tex)
Package: pgfrcs 2021/05/15 v3.1.9a (3.1.9a)
))
Package: pgf 2021/05/15 v3.1.9a (3.1.9a)
 (/usr/share/texlive/texmf-dist/tex/latex/pgf/basiclayer/pgfcore.sty (/usr/share/texlive/texmf-dist/tex/latex/pgf/systemlayer/pgfsys.sty (/usr/share/texlive/texmf-dist/tex/generic/pgf/systemlayer/pgfsys.code.tex
Package: pgfsys 2021/05/15 v3.1.9a (3.1.9a)
 (/usr/share/texlive/texmf-dist/tex/generic/pgf/utilities/pgfkeys.code.tex
\pgfkeys@pathtoks=\toks27
\pgfkeys@temptoks=\toks28
 (/usr/share/texlive/texmf-dist/tex/generic/pgf/utilities/pgfkeysfiltered.code.tex
\pgfkeys@tmptoks=\toks29
))
\pgf@x=\dimen192
\pgf@y=\dimen193
\pgf@xa=\dimen194
\pgf@ya=\dimen195
\pgf@xb=\dimen196
\pgf@yb=\dimen197
\pgf@xc=\dimen198
\pgf@yc=\dimen199
\pgf@xd=\dimen256
\pgf@yd=\dimen257
\w@pgf@writea=\write3
\r@pgf@reada=\read2
\c@pgf@counta=\count291
\c@pgf@countb=\count292
\c@pgf@countc=\count293
\c@pgf@countd=\count294
\t@pgf@toka=\toks30
\t@pgf@tokb=\toks31
\t@pgf@tokc=\toks32
\pgf@sys@id@count=\count295
 (/usr/share/texlive/texmf-dist/tex/generic/pgf/systemlayer/pgf.cfg
File: pgf.cfg 2021/05/15 v3.1.9a (3.1.9a)
)
Driver file for pgf: pgfsys-pdftex.def
 (/usr/share/texlive/texmf-dist/tex/generic/pgf/systemlayer/pgfsys-pdftex.def
File: pgfsys-pdftex.def 2021/05/15 v3.1.9a (3.1.9a)
 (/usr/share/texlive/texmf-dist/tex/generic/pgf/systemlayer/pgfsys-common-pdf.def
File: pgfsys-common-pdf.def 2021/05/15 v3.1.9a (3.1.9a)
))) (/usr/share/texlive/texmf-dist/tex/generic/pgf/systemlayer/pgfsyssoftpath.code.tex
File: pgfsyssoftpath.code.tex 2021/05/15 v3.1.9a (3.1.9a)
\pgfsyssoftpath@smallbuffer@items=\count296
\pgfsyssoftpath@bigbuffer@items=\count297
) (/usr/share/texlive/texmf-dist/tex/generic/pgf/systemlayer/pgfsysprotocol.code.tex
File: pgfsysprotocol.code.tex 2021/05/15 v3.1.9a (3.1.9a)
)) (/usr/share/texlive/texmf-dist/tex/generic/pgf/basiclayer/pgfcore.code.tex
Package: pgfcore 2021/05/15 v3.1.9a (3.1.9a)
 (/usr/share/texlive/texmf-dist/tex/generic/pgf/math/pgfmath.code.tex (/usr/share/texlive/texmf-dist/tex/generic/pgf/math/pgfmathcalc.code.tex (/usr/share/texlive/texmf-dist/tex/generic/pgf/math/pgfmathutil.code.tex) (/usr/share/texlive/texmf-dist/tex/generic/pgf/math/pgfmathparser.code.tex
\pgfmath@dimen=\dimen258
\pgfmath@count=\count298
\pgfmath@box=\box59
\pgfmath@toks=\toks33
\pgfmath@stack@operand=\toks34
\pgfmath@stack@operation=\toks35
) (/usr/share/texlive/texmf-dist/tex/generic/pgf/math/pgfmathfunctions.code.tex (/usr/share/texlive/texmf-dist/tex/generic/pgf/math/pgfmathfunctions.basic.code.tex) (/usr/share/texlive/texmf-dist/tex/generic/pgf/math/pgfmathfunctions.trigonometric.code.tex) (/usr/share/texlive/texmf-dist/tex/generic/pgf/math/pgfmathfunctions.random.code.tex) (/usr/share/texlive/texmf-dist/tex/generic/pgf/math/pgfmathfunctions.comparison.code.tex) (/usr/share/texlive/texmf-dist/tex/generic/pgf/math/pgfmathfunctions.base.code.tex) (/usr/share/texlive/texmf-dist/tex/generic/pgf/math/pgfmathfunctions.round.code.tex) (/usr/share/texlive/texmf-dist/tex/generic/pgf/math/pgfmathfunctions.misc.code.tex) (/usr/share/texlive/texmf-dist/tex/generic/pgf/math/pgfmathfunctions.integerarithmetics.code.tex))) (/usr/share/texlive/texmf-dist/tex/generic/pgf/math/pgfmathfloat.code.tex
\c@pgfmathroundto@lastzeros=\count299
)) (/usr/share/texlive/texmf-dist/tex/generic/pgf/math/pgfint.code.tex) (/usr/share/texlive/texmf-dist/tex/generic/pgf/basiclayer/pgfcorepoints.code.tex
File: pgfcorepoints.code.tex 2021/05/15 v3.1.9a (3.1.9a)
\pgf@picminx=\dimen259
\pgf@picmaxx=\dimen260
\pgf@picminy=\dimen261
\pgf@picmaxy=\dimen262
\pgf@pathminx=\dimen263
\pgf@pathmaxx=\dimen264
\pgf@pathminy=\dimen265
\pgf@pathmaxy=\dimen266
\pgf@xx=\dimen267
\pgf@xy=\dimen268
\pgf@yx=\dimen269
\pgf@yy=\dimen270
\pgf@zx=\dimen271
\pgf@zy=\dimen272
) (/usr/share/texlive/texmf-dist/tex/generic/pgf/basiclayer/pgfcorepathconstruct.code.tex
File: pgfcorepathconstruct.code.tex 2021/05/15 v3.1.9a (3.1.9a)
\pgf@path@lastx=\dimen273
\pgf@path@lasty=\dimen274
) (/usr/share/texlive/texmf-dist/tex/generic/pgf/basiclayer/pgfcorepathusage.code.tex
File: pgfcorepathusage.code.tex 2021/05/15 v3.1.9a (3.1.9a)
\pgf@shorten@end@additional=\dimen275
\pgf@shorten@start@additional=\dimen276
) (/usr/share/texlive/texmf-dist/tex/generic/pgf/basiclayer/pgfcorescopes.code.tex
File: pgfcorescopes.code.tex 2021/05/15 v3.1.9a (3.1.9a)
\pgfpic=\box60
\pgf@hbox=\box61
\pgf@layerbox@main=\box62
\pgf@picture@serial@count=\count300
) (/usr/share/texlive/texmf-dist/tex/generic/pgf/basiclayer/pgfcoregraphicstate.code.tex
File: pgfcoregraphicstate.code.tex 2021/05/15 v3.1.9a (3.1.9a)
\pgflinewidth=\dimen277
) (/usr/share/texlive/texmf-dist/tex/generic/pgf/basiclayer/pgfcoretransformations.code.tex
File: pgfcoretransformations.code.tex 2021/05/15 v3.1.9a (3.1.9a)
\pgf@pt@x=\dimen278
\pgf@pt@y=\dimen279
\pgf@pt@temp=\dimen280
) (/usr/share/texlive/texmf-dist/tex/generic/pgf/basiclayer/pgfcorequick.code.tex
File: pgfcorequick.code.tex 2021/05/15 v3.1.9a (3.1.9a)
) (/usr/share/texlive/texmf-dist/tex/generic/pgf/basiclayer/pgfcoreobjects.code.tex
File: pgfcoreobjects.code.tex 2021/05/15 v3.1.9a (3.1.9a)
) (/usr/share/texlive/texmf-dist/tex/generic/pgf/basiclayer/pgfcorepathprocessing.code.tex
File: pgfcorepathprocessing.code.tex 2021/05/15 v3.1.9a (3.1.9a)
) (/usr/share/texlive/texmf-dist/tex/generic/pgf/basiclayer/pgfcorearrows.code.tex
File: pgfcorearrows.code.tex 2021/05/15 v3.1.9a (3.1.9a)
\pgfarrowsep=\dimen281
) (/usr/share/texlive/texmf-dist/tex/generic/pgf/basiclayer/pgfcoreshade.code.tex
File: pgfcoreshade.code.tex 2021/05/15 v3.1.9a (3.1.9a)
\pgf@max=\dimen282
\pgf@sys@shading@range@num=\count301
\pgf@shadingcount=\count302
) (/usr/share/texlive/texmf-dist/tex/generic/pgf/basiclayer/pgfcoreimage.code.tex
File: pgfcoreimage.code.tex 2021/05/15 v3.1.9a (3.1.9a)
 (/usr/share/texlive/texmf-dist/tex/generic/pgf/basiclayer/pgfcoreexternal.code.tex
File: pgfcoreexternal.code.tex 2021/05/15 v3.1.9a (3.1.9a)
\pgfexternal@startupbox=\box63
)) (/usr/share/texlive/texmf-dist/tex/generic/pgf/basiclayer/pgfcorelayers.code.tex
File: pgfcorelayers.code.tex 2021/05/15 v3.1.9a (3.1.9a)
) (/usr/share/texlive/texmf-dist/tex/generic/pgf/basiclayer/pgfcoretransparency.code.tex
File: pgfcoretransparency.code.tex 2021/05/15 v3.1.9a (3.1.9a)
) (/usr/share/texlive/texmf-dist/tex/generic/pgf/basiclayer/pgfcorepatterns.code.tex
File: pgfcorepatterns.code.tex 2021/05/15 v3.1.9a (3.1.9a)
) (/usr/share/texlive/texmf-dist/tex/generic/pgf/basiclayer/pgfcorerdf.code.tex
File: pgfcorerdf.code.tex 2021/05/15 v3.1.9a (3.1.9a)
))) (/usr/share/texlive/texmf-dist/tex/generic/pgf/modules/pgfmoduleshapes.code.tex
File: pgfmoduleshapes.code.tex 2021/05/15 v3.1.9a (3.1.9a)
\pgfnodeparttextbox=\box64
) (/usr/share/texlive/texmf-dist/tex/generic/pgf/modules/pgfmoduleplot.code.tex
File: pgfmoduleplot.code.tex 2021/05/15 v3.1.9a (3.1.9a)
) (/usr/share/texlive/texmf-dist/tex/latex/pgf/compatibility/pgfcomp-version-0-65.sty
Package: pgfcomp-version-0-65 2021/05/15 v3.1.9a (3.1.9a)
\pgf@nodesepstart=\dimen283
\pgf@nodesepend=\dimen284
) (/usr/share/texlive/texmf-dist/tex/latex/pgf/compatibility/pgfcomp-version-1-18.sty
Package: pgfcomp-version-1-18 2021/05/15 v3.1.9a (3.1.9a)
)) (/usr/share/texlive/texmf-dist/tex/latex/pgf/utilities/pgffor.sty (/usr/share/texlive/texmf-dist/tex/latex/pgf/utilities/pgfkeys.sty (/usr/share/texlive/texmf-dist/tex/generic/pgf/utilities/pgfkeys.code.tex)) (/usr/share/texlive/texmf-dist/tex/latex/pgf/math/pgfmath.sty (/usr/share/texlive/texmf-dist/tex/generic/pgf/math/pgfmath.code.tex)) (/usr/share/texlive/texmf-dist/tex/generic/pgf/utilities/pgffor.code.tex
Package: pgffor 2021/05/15 v3.1.9a (3.1.9a)
 (/usr/share/texlive/texmf-dist/tex/generic/pgf/math/pgfmath.code.tex)
\pgffor@iter=\dimen285
\pgffor@skip=\dimen286
\pgffor@stack=\toks36
\pgffor@toks=\toks37
)) (/usr/share/texlive/texmf-dist/tex/generic/pgf/frontendlayer/tikz/tikz.code.tex
Package: tikz 2021/05/15 v3.1.9a (3.1.9a)
 (/usr/share/texlive/texmf-dist/tex/generic/pgf/libraries/pgflibraryplothandlers.code.tex
File: pgflibraryplothandlers.code.tex 2021/05/15 v3.1.9a (3.1.9a)
\pgf@plot@mark@count=\count303
\pgfplotmarksize=\dimen287
)
\tikz@lastx=\dimen288
\tikz@lasty=\dimen289
\tikz@lastxsaved=\dimen290
\tikz@lastysaved=\dimen291
\tikz@lastmovetox=\dimen292
\tikz@lastmovetoy=\dimen293
\tikzleveldistance=\dimen294
\tikzsiblingdistance=\dimen295
\tikz@figbox=\box65
\tikz@figbox@bg=\box66
\tikz@tempbox=\box67
\tikz@tempbox@bg=\box68
\tikztreelevel=\count304
\tikznumberofchildren=\count305
\tikznumberofcurrentchild=\count306
\tikz@fig@count=\count307
 (/usr/share/texlive/texmf-dist/tex/generic/pgf/modules/pgfmodulematrix.code.tex
File: pgfmodulematrix.code.tex 2021/05/15 v3.1.9a (3.1.9a)
\pgfmatrixcurrentrow=\count308
\pgfmatrixcurrentcolumn=\count309
\pgf@matrix@numberofcolumns=\count310
)
\tikz@expandcount=\count311
 (/usr/share/texlive/texmf-dist/tex/generic/pgf/frontendlayer/tikz/libraries/tikzlibrarytopaths.code.tex
File: tikzlibrarytopaths.code.tex 2021/05/15 v3.1.9a (3.1.9a)
))) (/usr/share/texlive/texmf-dist/tex/latex/caption/subcaption.sty
Package: subcaption 2020/10/07 v1.3j Sub-captions (AR)
 (/usr/share/texlive/texmf-dist/tex/latex/caption/caption.sty
Package: caption 2020/10/26 v3.5g Customizing captions (AR)
 (/usr/share/texlive/texmf-dist/tex/latex/caption/caption3.sty
Package: caption3 2020/10/21 v2.2e caption3 kernel (AR)
\captionmargin=\dimen296
\captionmargin@=\dimen297
\captionwidth=\dimen298
\caption@tempdima=\dimen299
\caption@indent=\dimen300
\caption@parindent=\dimen301
\caption@hangindent=\dimen302
Package caption Info: Unknown document class (or package),
(caption)             standard defaults will be used.
Package caption Info: \@makecaption = \long macro:#1#2->\ifx \@captype \@IEEEtablestring \footnotesize \bgroup \par \centering \@IEEEtabletopskipstrut {\normalfont \footnotesize #1}\\{\normalfont \footnotesize \scshape #2}\par \addvspace {0.5\baselineskip }\egroup \@IEEEtablecaptionsepspace \else \@IEEEfigurecaptionsepspace \setbox \@tempboxa \hbox {\normalfont \footnotesize {#1.}\nobreakspace \nobreakspace #2}\ifdim \wd \@tempboxa >\hsize \setbox \@tempboxa \hbox {\normalfont \footnotesize {#1.}\nobreakspace \nobreakspace }\parbox [t]{\hsize }{\normalfont \footnotesize \noindent \unhbox \@tempboxa #2}\else \ifCLASSOPTIONconference \hbox to\hsize {\normalfont \footnotesize \hfil \box \@tempboxa \hfil }\else \hbox to\hsize {\normalfont \footnotesize \box \@tempboxa \hfil }\fi \fi \fi  on input line 1139.
)

Package caption Warning: Unknown document class (or package),
(caption)                standard defaults will be used.
See the caption package documentation for explanation.

\c@caption@flags=\count312
\c@continuedfloat=\count313
Package caption Info: float package is loaded.
Package caption Info: listings package is loaded.
)
\c@subfigure=\count314
\c@subtable=\count315
) (/usr/share/texlive/texmf-dist/tex/latex/hyperref/hyperref.sty
Package: hyperref 2021-06-07 v7.00m Hypertext links for LaTeX
 (/usr/share/texlive/texmf-dist/tex/generic/ltxcmds/ltxcmds.sty
Package: ltxcmds 2020-05-10 v1.25 LaTeX kernel commands for general use (HO)
) (/usr/share/texlive/texmf-dist/tex/generic/iftex/iftex.sty
Package: iftex 2020/03/06 v1.0d TeX engine tests
) (/usr/share/texlive/texmf-dist/tex/generic/pdftexcmds/pdftexcmds.sty
Package: pdftexcmds 2020-06-27 v0.33 Utility functions of pdfTeX for LuaTeX (HO)
 (/usr/share/texlive/texmf-dist/tex/generic/infwarerr/infwarerr.sty
Package: infwarerr 2019/12/03 v1.5 Providing info/warning/error messages (HO)
)
Package pdftexcmds Info: \pdf@primitive is available.
Package pdftexcmds Info: \pdf@ifprimitive is available.
Package pdftexcmds Info: \pdfdraftmode found.
) (/usr/share/texlive/texmf-dist/tex/generic/kvsetkeys/kvsetkeys.sty
Package: kvsetkeys 2019/12/15 v1.18 Key value parser (HO)
) (/usr/share/texlive/texmf-dist/tex/generic/kvdefinekeys/kvdefinekeys.sty
Package: kvdefinekeys 2019-12-19 v1.6 Define keys (HO)
) (/usr/share/texlive/texmf-dist/tex/generic/pdfescape/pdfescape.sty
Package: pdfescape 2019/12/09 v1.15 Implements pdfTeX's escape features (HO)
) (/usr/share/texlive/texmf-dist/tex/latex/hycolor/hycolor.sty
Package: hycolor 2020-01-27 v1.10 Color options for hyperref/bookmark (HO)
) (/usr/share/texlive/texmf-dist/tex/latex/letltxmacro/letltxmacro.sty
Package: letltxmacro 2019/12/03 v1.6 Let assignment for LaTeX macros (HO)
) (/usr/share/texlive/texmf-dist/tex/latex/auxhook/auxhook.sty
Package: auxhook 2019-12-17 v1.6 Hooks for auxiliary files (HO)
) (/usr/share/texlive/texmf-dist/tex/latex/kvoptions/kvoptions.sty
Package: kvoptions 2020-10-07 v3.14 Key value format for package options (HO)
)
\@linkdim=\dimen303
\Hy@linkcounter=\count316
\Hy@pagecounter=\count317
 (/usr/share/texlive/texmf-dist/tex/latex/hyperref/pd1enc.def
File: pd1enc.def 2021-06-07 v7.00m Hyperref: PDFDocEncoding definition (HO)
Now handling font encoding PD1 ...
... no UTF-8 mapping file for font encoding PD1
) (/usr/share/texlive/texmf-dist/tex/latex/hyperref/hyperref-langpatches.def
File: hyperref-langpatches.def 2021-06-07 v7.00m Hyperref: patches for babel languages
) (/usr/share/texlive/texmf-dist/tex/generic/intcalc/intcalc.sty
Package: intcalc 2019/12/15 v1.3 Expandable calculations with integers (HO)
) (/usr/share/texlive/texmf-dist/tex/generic/etexcmds/etexcmds.sty
Package: etexcmds 2019/12/15 v1.7 Avoid name clashes with e-TeX commands (HO)
)
\Hy@SavedSpaceFactor=\count318
 (/usr/share/texlive/texmf-dist/tex/latex/hyperref/puenc.def
File: puenc.def 2021-06-07 v7.00m Hyperref: PDF Unicode definition (HO)
Now handling font encoding PU ...
... no UTF-8 mapping file for font encoding PU
)
Package hyperref Info: Hyper figures OFF on input line 4192.
Package hyperref Info: Link nesting OFF on input line 4197.
Package hyperref Info: Hyper index ON on input line 4200.
Package hyperref Info: Plain pages OFF on input line 4207.
Package hyperref Info: Backreferencing OFF on input line 4212.
Package hyperref Info: Implicit mode ON; LaTeX internals redefined.
Package hyperref Info: Bookmarks ON on input line 4445.
\c@Hy@tempcnt=\count319
 (/usr/share/texlive/texmf-dist/tex/latex/url/url.sty
\Urlmuskip=\muskip17
Package: url 2013/09/16  ver 3.4  Verb mode for urls, etc.
)
LaTeX Info: Redefining \url on input line 4804.
\XeTeXLinkMargin=\dimen304
 (/usr/share/texlive/texmf-dist/tex/generic/bitset/bitset.sty
Package: bitset 2019/12/09 v1.3 Handle bit-vector datatype (HO)
 (/usr/share/texlive/texmf-dist/tex/generic/bigintcalc/bigintcalc.sty
Package: bigintcalc 2019/12/15 v1.5 Expandable calculations on big integers (HO)
))
\Fld@menulength=\count320
\Field@Width=\dimen305
\Fld@charsize=\dimen306
Package hyperref Info: Hyper figures OFF on input line 6076.
Package hyperref Info: Link nesting OFF on input line 6081.
Package hyperref Info: Hyper index ON on input line 6084.
Package hyperref Info: backreferencing OFF on input line 6091.
Package hyperref Info: Link coloring OFF on input line 6096.
Package hyperref Info: Link coloring with OCG OFF on input line 6101.
Package hyperref Info: PDF/A mode OFF on input line 6106.
LaTeX Info: Redefining \ref on input line 6146.
LaTeX Info: Redefining \pageref on input line 6150.
 (/usr/share/texlive/texmf-dist/tex/latex/base/atbegshi-ltx.sty
Package: atbegshi-ltx 2021/01/10 v1.0c Emulation of the original atbegshi
package with kernel methods
)
\Hy@abspage=\count321
\c@Item=\count322
\c@Hfootnote=\count323
)
Package hyperref Info: Driver (autodetected): hpdftex.
 (/usr/share/texlive/texmf-dist/tex/latex/hyperref/hpdftex.def
File: hpdftex.def 2021-06-07 v7.00m Hyperref driver for pdfTeX
 (/usr/share/texlive/texmf-dist/tex/latex/base/atveryend-ltx.sty
Package: atveryend-ltx 2020/08/19 v1.0a Emulation of the original atveryend package
with kernel methods
)
\Fld@listcount=\count324
\c@bookmark@seq@number=\count325
 (/usr/share/texlive/texmf-dist/tex/latex/rerunfilecheck/rerunfilecheck.sty
Package: rerunfilecheck 2019/12/05 v1.9 Rerun checks for auxiliary files (HO)
 (/usr/share/texlive/texmf-dist/tex/generic/uniquecounter/uniquecounter.sty
Package: uniquecounter 2019/12/15 v1.4 Provide unlimited unique counter (HO)
)
Package uniquecounter Info: New unique counter `rerunfilecheck' on input line 286.
)
\Hy@SectionHShift=\skip53
) (/usr/share/texlive/texmf-dist/tex/latex/amsfonts/amssymb.sty
Package: amssymb 2013/01/14 v3.01 AMS font symbols
 (/usr/share/texlive/texmf-dist/tex/latex/amsfonts/amsfonts.sty
Package: amsfonts 2013/01/14 v3.01 Basic AMSFonts support
\symAMSa=\mathgroup4
\symAMSb=\mathgroup5
LaTeX Font Info:    Redeclaring math symbol \hbar on input line 98.
LaTeX Font Info:    Overwriting math alphabet `\mathfrak' in version `bold'
(Font)                  U/euf/m/n --> U/euf/b/n on input line 106.
)) (/usr/share/texlive/texmf-dist/tex/latex/l3backend/l3backend-pdftex.def
File: l3backend-pdftex.def 2022-01-12 L3 backend support: PDF output (pdfTeX)
\l__color_backend_stack_int=\count326
\l__pdf_internal_box=\box69
) (./2023102022_Project.aux)
\openout1 = `2023102022_Project.aux'.

LaTeX Font Info:    Checking defaults for OML/cmm/m/it on input line 16.
LaTeX Font Info:    ... okay on input line 16.
LaTeX Font Info:    Checking defaults for OMS/cmsy/m/n on input line 16.
LaTeX Font Info:    ... okay on input line 16.
LaTeX Font Info:    Checking defaults for OT1/cmr/m/n on input line 16.
LaTeX Font Info:    ... okay on input line 16.
LaTeX Font Info:    Checking defaults for T1/cmr/m/n on input line 16.
LaTeX Font Info:    ... okay on input line 16.
LaTeX Font Info:    Checking defaults for TS1/cmr/m/n on input line 16.
LaTeX Font Info:    ... okay on input line 16.
LaTeX Font Info:    Checking defaults for OMX/cmex/m/n on input line 16.
LaTeX Font Info:    ... okay on input line 16.
LaTeX Font Info:    Checking defaults for U/cmr/m/n on input line 16.
LaTeX Font Info:    ... okay on input line 16.
LaTeX Font Info:    Checking defaults for PD1/pdf/m/n on input line 16.
LaTeX Font Info:    ... okay on input line 16.
LaTeX Font Info:    Checking defaults for PU/pdf/m/n on input line 16.
LaTeX Font Info:    ... okay on input line 16.

-- Lines per column: 56 (exact).
(/usr/share/texlive/texmf-dist/tex/context/base/mkii/supp-pdf.mkii
[Loading MPS to PDF converter (version 2006.09.02).]
\scratchcounter=\count327
\scratchdimen=\dimen307
\scratchbox=\box70
\nofMPsegments=\count328
\nofMParguments=\count329
\everyMPshowfont=\toks38
\MPscratchCnt=\count330
\MPscratchDim=\dimen308
\MPnumerator=\count331
\makeMPintoPDFobject=\count332
\everyMPtoPDFconversion=\toks39
) (/usr/share/texlive/texmf-dist/tex/latex/epstopdf-pkg/epstopdf-base.sty
Package: epstopdf-base 2020-01-24 v2.11 Base part for package epstopdf
Package epstopdf-base Info: Redefining graphics rule for `.eps' on input line 485.
 (/usr/share/texlive/texmf-dist/tex/latex/latexconfig/epstopdf-sys.cfg
File: epstopdf-sys.cfg 2010/07/13 v1.3 Configuration of (r)epstopdf for TeX Live
))
\c@lstlisting=\count333
Package caption Info: Begin \AtBeginDocument code.
Package caption Info: hyperref package is loaded.
Package caption Info: End \AtBeginDocument code.
Package hyperref Info: Link coloring OFF on input line 16.
 (/usr/share/texlive/texmf-dist/tex/latex/hyperref/nameref.sty
Package: nameref 2021-04-02 v2.47 Cross-referencing by name of section
 (/usr/share/texlive/texmf-dist/tex/latex/refcount/refcount.sty
Package: refcount 2019/12/15 v3.6 Data extraction from label references (HO)
) (/usr/share/texlive/texmf-dist/tex/generic/gettitlestring/gettitlestring.sty
Package: gettitlestring 2019/12/15 v1.6 Cleanup title references (HO)
)
\c@section@level=\count334
)
LaTeX Info: Redefining \ref on input line 16.
LaTeX Info: Redefining \pageref on input line 16.
LaTeX Info: Redefining \nameref on input line 16.
 (./2023102022_Project.out) (./2023102022_Project.out)
\@outlinefile=\write4
\openout4 = `2023102022_Project.out'.

</home/sudhujoshi/Desktop/Sem_3/VLSI/VLSI_Project/ReportDump/circuit_diagrams/cla_full.png, id=159, 803.0pt x 1067.99pt>
File: /home/sudhujoshi/Desktop/Sem_3/VLSI/VLSI_Project/ReportDump/circuit_diagrams/cla_full.png Graphic file (type png)
<use /home/sudhujoshi/Desktop/Sem_3/VLSI/VLSI_Project/ReportDump/circuit_diagrams/cla_full.png>
Package pdftex.def Info: /home/sudhujoshi/Desktop/Sem_3/VLSI/VLSI_Project/ReportDump/circuit_diagrams/cla_full.png  used on input line 45.
(pdftex.def)             Requested size: 103.19843pt x 137.24654pt.
LaTeX Font Info:    Trying to load font information for U+msa on input line 48.
 (/usr/share/texlive/texmf-dist/tex/latex/amsfonts/umsa.fd
File: umsa.fd 2013/01/14 v3.01 AMS symbols A
)
LaTeX Font Info:    Trying to load font information for U+msb on input line 48.
 (/usr/share/texlive/texmf-dist/tex/latex/amsfonts/umsb.fd
File: umsb.fd 2013/01/14 v3.01 AMS symbols B
)
</home/sudhujoshi/Desktop/Sem_3/VLSI/VLSI_Project/ReportDump/circuit_diagrams/exor_transmission.png, id=161, 650.43pt x 313.17pt>
File: /home/sudhujoshi/Desktop/Sem_3/VLSI/VLSI_Project/ReportDump/circuit_diagrams/exor_transmission.png Graphic file (type png)
<use /home/sudhujoshi/Desktop/Sem_3/VLSI/VLSI_Project/ReportDump/circuit_diagrams/exor_transmission.png>
Package pdftex.def Info: /home/sudhujoshi/Desktop/Sem_3/VLSI/VLSI_Project/ReportDump/circuit_diagrams/exor_transmission.png  used on input line 101.
(pdftex.def)             Requested size: 258.0pt x 124.22404pt.

Overfull \hbox (6.0pt too wide) in paragraph at lines 101--102
 [][] 
 []

[1{/var/lib/texmf/fonts/map/pdftex/updmap/pdftex.map}


 </home/sudhujoshi/Desktop/Sem_3/VLSI/VLSI_Project/ReportDump/circuit_diagrams/cla_full.png> </home/sudhujoshi/Desktop/Sem_3/VLSI/VLSI_Project/ReportDump/circuit_diagrams/exor_transmission.png (PNG copy)>]
</home/sudhujoshi/Desktop/Sem_3/VLSI/VLSI_Project/ReportDump/circuit_diagrams/d_ff_tspc.png, id=180, 886.31125pt x 458.71375pt>
File: /home/sudhujoshi/Desktop/Sem_3/VLSI/VLSI_Project/ReportDump/circuit_diagrams/d_ff_tspc.png Graphic file (type png)
<use /home/sudhujoshi/Desktop/Sem_3/VLSI/VLSI_Project/ReportDump/circuit_diagrams/d_ff_tspc.png>
Package pdftex.def Info: /home/sudhujoshi/Desktop/Sem_3/VLSI/VLSI_Project/ReportDump/circuit_diagrams/d_ff_tspc.png  used on input line 113.
(pdftex.def)             Requested size: 206.39685pt x 106.81783pt.
</home/sudhujoshi/Desktop/Sem_3/VLSI/VLSI_Project/ReportDump/netlist_ss/nand2.png, id=181, 1050.92625pt x 543.02875pt>
File: /home/sudhujoshi/Desktop/Sem_3/VLSI/VLSI_Project/ReportDump/netlist_ss/nand2.png Graphic file (type png)
<use /home/sudhujoshi/Desktop/Sem_3/VLSI/VLSI_Project/ReportDump/netlist_ss/nand2.png>
Package pdftex.def Info: /home/sudhujoshi/Desktop/Sem_3/VLSI/VLSI_Project/ReportDump/netlist_ss/nand2.png  used on input line 123.
(pdftex.def)             Requested size: 206.39685pt x 106.64833pt.
</home/sudhujoshi/Desktop/Sem_3/VLSI/VLSI_Project/ReportDump/netlist_ss/nand3.png, id=182, 958.58125pt x 548.0475pt>
File: /home/sudhujoshi/Desktop/Sem_3/VLSI/VLSI_Project/ReportDump/netlist_ss/nand3.png Graphic file (type png)
<use /home/sudhujoshi/Desktop/Sem_3/VLSI/VLSI_Project/ReportDump/netlist_ss/nand3.png>
Package pdftex.def Info: /home/sudhujoshi/Desktop/Sem_3/VLSI/VLSI_Project/ReportDump/netlist_ss/nand3.png  used on input line 129.
(pdftex.def)             Requested size: 206.39685pt x 117.99516pt.
</home/sudhujoshi/Desktop/Sem_3/VLSI/VLSI_Project/ReportDump/netlist_ss/nand4.png, id=183, 1059.96pt x 510.90875pt>
File: /home/sudhujoshi/Desktop/Sem_3/VLSI/VLSI_Project/ReportDump/netlist_ss/nand4.png Graphic file (type png)
<use /home/sudhujoshi/Desktop/Sem_3/VLSI/VLSI_Project/ReportDump/netlist_ss/nand4.png>
Package pdftex.def Info: /home/sudhujoshi/Desktop/Sem_3/VLSI/VLSI_Project/ReportDump/netlist_ss/nand4.png  used on input line 135.
(pdftex.def)             Requested size: 206.39685pt x 99.48257pt.
</home/sudhujoshi/Desktop/Sem_3/VLSI/VLSI_Project/ReportDump/netlist_ss/nand5.png, id=184, 1059.96pt x 521.95pt>
File: /home/sudhujoshi/Desktop/Sem_3/VLSI/VLSI_Project/ReportDump/netlist_ss/nand5.png Graphic file (type png)
<use /home/sudhujoshi/Desktop/Sem_3/VLSI/VLSI_Project/ReportDump/netlist_ss/nand5.png>
Package pdftex.def Info: /home/sudhujoshi/Desktop/Sem_3/VLSI/VLSI_Project/ReportDump/netlist_ss/nand5.png  used on input line 141.
(pdftex.def)             Requested size: 206.39685pt x 101.63249pt.
</home/sudhujoshi/Desktop/Sem_3/VLSI/VLSI_Project/ReportDump/netlist_ss/or2.png, id=185, 1059.96pt x 536.0025pt>
File: /home/sudhujoshi/Desktop/Sem_3/VLSI/VLSI_Project/ReportDump/netlist_ss/or2.png Graphic file (type png)
<use /home/sudhujoshi/Desktop/Sem_3/VLSI/VLSI_Project/ReportDump/netlist_ss/or2.png>
Package pdftex.def Info: /home/sudhujoshi/Desktop/Sem_3/VLSI/VLSI_Project/ReportDump/netlist_ss/or2.png  used on input line 149.
(pdftex.def)             Requested size: 206.39685pt x 104.36876pt.
</home/sudhujoshi/Desktop/Sem_3/VLSI/VLSI_Project/ReportDump/netlist_ss/or3.png, id=186, 1059.96pt x 536.0025pt>
File: /home/sudhujoshi/Desktop/Sem_3/VLSI/VLSI_Project/ReportDump/netlist_ss/or3.png Graphic file (type png)
<use /home/sudhujoshi/Desktop/Sem_3/VLSI/VLSI_Project/ReportDump/netlist_ss/or3.png>
Package pdftex.def Info: /home/sudhujoshi/Desktop/Sem_3/VLSI/VLSI_Project/ReportDump/netlist_ss/or3.png  used on input line 156.
(pdftex.def)             Requested size: 206.39685pt x 104.36876pt.
</home/sudhujoshi/Desktop/Sem_3/VLSI/VLSI_Project/ReportDump/netlist_ss/or4.png, id=187, 1059.96pt x 536.0025pt>
File: /home/sudhujoshi/Desktop/Sem_3/VLSI/VLSI_Project/ReportDump/netlist_ss/or4.png Graphic file (type png)
<use /home/sudhujoshi/Desktop/Sem_3/VLSI/VLSI_Project/ReportDump/netlist_ss/or4.png>
Package pdftex.def Info: /home/sudhujoshi/Desktop/Sem_3/VLSI/VLSI_Project/ReportDump/netlist_ss/or4.png  used on input line 163.
(pdftex.def)             Requested size: 206.39685pt x 104.36876pt.
 [2 </home/sudhujoshi/Desktop/Sem_3/VLSI/VLSI_Project/ReportDump/circuit_diagrams/d_ff_tspc.png> </home/sudhujoshi/Desktop/Sem_3/VLSI/VLSI_Project/ReportDump/netlist_ss/nand2.png> </home/sudhujoshi/Desktop/Sem_3/VLSI/VLSI_Project/ReportDump/netlist_ss/nand3.png> </home/sudhujoshi/Desktop/Sem_3/VLSI/VLSI_Project/ReportDump/netlist_ss/nand4.png> </home/sudhujoshi/Desktop/Sem_3/VLSI/VLSI_Project/ReportDump/netlist_ss/nand5.png> </home/sudhujoshi/Desktop/Sem_3/VLSI/VLSI_Project/ReportDump/netlist_ss/or2.png> </home/sudhujoshi/Desktop/Sem_3/VLSI/VLSI_Project/ReportDump/netlist_ss/or3.png>]
</home/sudhujoshi/Desktop/Sem_3/VLSI/VLSI_Project/ReportDump/netlist_ss/or5.png, id=207, 1059.96pt x 536.0025pt>
File: /home/sudhujoshi/Desktop/Sem_3/VLSI/VLSI_Project/ReportDump/netlist_ss/or5.png Graphic file (type png)
<use /home/sudhujoshi/Desktop/Sem_3/VLSI/VLSI_Project/ReportDump/netlist_ss/or5.png>
Package pdftex.def Info: /home/sudhujoshi/Desktop/Sem_3/VLSI/VLSI_Project/ReportDump/netlist_ss/or5.png  used on input line 170.
(pdftex.def)             Requested size: 206.39685pt x 104.36876pt.
</home/sudhujoshi/Desktop/Sem_3/VLSI/VLSI_Project/ReportDump/netlist_ss/xor.png, id=208, 1087.06125pt x 536.0025pt>
File: /home/sudhujoshi/Desktop/Sem_3/VLSI/VLSI_Project/ReportDump/netlist_ss/xor.png Graphic file (type png)
<use /home/sudhujoshi/Desktop/Sem_3/VLSI/VLSI_Project/ReportDump/netlist_ss/xor.png>
Package pdftex.def Info: /home/sudhujoshi/Desktop/Sem_3/VLSI/VLSI_Project/ReportDump/netlist_ss/xor.png  used on input line 177.
(pdftex.def)             Requested size: 193.5pt x 95.40486pt.
</home/sudhujoshi/Desktop/Sem_3/VLSI/VLSI_Project/ReportDump/netlist_ss/d_ff.png, id=209, 1105.12875pt x 539.01375pt>
File: /home/sudhujoshi/Desktop/Sem_3/VLSI/VLSI_Project/ReportDump/netlist_ss/d_ff.png Graphic file (type png)
<use /home/sudhujoshi/Desktop/Sem_3/VLSI/VLSI_Project/ReportDump/netlist_ss/d_ff.png>
Package pdftex.def Info: /home/sudhujoshi/Desktop/Sem_3/VLSI/VLSI_Project/ReportDump/netlist_ss/d_ff.png  used on input line 185.
(pdftex.def)             Requested size: 206.39685pt x 100.66182pt.
</home/sudhujoshi/Desktop/Sem_3/VLSI/VLSI_Project/ReportDump/netlist_ss/tcq.png, id=210, 1779.64874pt x 998.73125pt>
File: /home/sudhujoshi/Desktop/Sem_3/VLSI/VLSI_Project/ReportDump/netlist_ss/tcq.png Graphic file (type png)
<use /home/sudhujoshi/Desktop/Sem_3/VLSI/VLSI_Project/ReportDump/netlist_ss/tcq.png>
Package pdftex.def Info: /home/sudhujoshi/Desktop/Sem_3/VLSI/VLSI_Project/ReportDump/netlist_ss/tcq.png  used on input line 221.
(pdftex.def)             Requested size: 206.39685pt x 115.81937pt.
</home/sudhujoshi/Desktop/Sem_3/VLSI/VLSI_Project/ReportDump/circuit_diagrams/stick.png, id=211, 544.0325pt x 782.925pt>
File: /home/sudhujoshi/Desktop/Sem_3/VLSI/VLSI_Project/ReportDump/circuit_diagrams/stick.png Graphic file (type png)
<use /home/sudhujoshi/Desktop/Sem_3/VLSI/VLSI_Project/ReportDump/circuit_diagrams/stick.png>
Package pdftex.def Info: /home/sudhujoshi/Desktop/Sem_3/VLSI/VLSI_Project/ReportDump/circuit_diagrams/stick.png  used on input line 233.
(pdftex.def)             Requested size: 154.80157pt x 222.77754pt.
 [3 </home/sudhujoshi/Desktop/Sem_3/VLSI/VLSI_Project/ReportDump/netlist_ss/or4.png> </home/sudhujoshi/Desktop/Sem_3/VLSI/VLSI_Project/ReportDump/netlist_ss/or5.png> </home/sudhujoshi/Desktop/Sem_3/VLSI/VLSI_Project/ReportDump/netlist_ss/xor.png> </home/sudhujoshi/Desktop/Sem_3/VLSI/VLSI_Project/ReportDump/netlist_ss/d_ff.png> </home/sudhujoshi/Desktop/Sem_3/VLSI/VLSI_Project/ReportDump/netlist_ss/tcq.png> </home/sudhujoshi/Desktop/Sem_3/VLSI/VLSI_Project/ReportDump/circuit_diagrams/stick.png>]
</home/sudhujoshi/Desktop/Sem_3/VLSI/VLSI_Project/ReportDump/layout_ss/layout_and2.png, id=229, 1923.185pt x 1054.94125pt>
File: /home/sudhujoshi/Desktop/Sem_3/VLSI/VLSI_Project/ReportDump/layout_ss/layout_and2.png Graphic file (type png)
<use /home/sudhujoshi/Desktop/Sem_3/VLSI/VLSI_Project/ReportDump/layout_ss/layout_and2.png>
Package pdftex.def Info: /home/sudhujoshi/Desktop/Sem_3/VLSI/VLSI_Project/ReportDump/layout_ss/layout_and2.png  used on input line 245.
(pdftex.def)             Requested size: 193.5pt x 106.12808pt.
</home/sudhujoshi/Desktop/Sem_3/VLSI/VLSI_Project/ReportDump/layout_ss/layout_and3.png, id=230, 1923.185pt x 1054.94125pt>
File: /home/sudhujoshi/Desktop/Sem_3/VLSI/VLSI_Project/ReportDump/layout_ss/layout_and3.png Graphic file (type png)
<use /home/sudhujoshi/Desktop/Sem_3/VLSI/VLSI_Project/ReportDump/layout_ss/layout_and3.png>
Package pdftex.def Info: /home/sudhujoshi/Desktop/Sem_3/VLSI/VLSI_Project/ReportDump/layout_ss/layout_and3.png  used on input line 252.
(pdftex.def)             Requested size: 193.5pt x 106.12808pt.
</home/sudhujoshi/Desktop/Sem_3/VLSI/VLSI_Project/ReportDump/layout_ss/layout_and4.png, id=231, 1923.185pt x 1054.94125pt>
File: /home/sudhujoshi/Desktop/Sem_3/VLSI/VLSI_Project/ReportDump/layout_ss/layout_and4.png Graphic file (type png)
<use /home/sudhujoshi/Desktop/Sem_3/VLSI/VLSI_Project/ReportDump/layout_ss/layout_and4.png>
Package pdftex.def Info: /home/sudhujoshi/Desktop/Sem_3/VLSI/VLSI_Project/ReportDump/layout_ss/layout_and4.png  used on input line 259.
(pdftex.def)             Requested size: 193.5pt x 106.12808pt.
</home/sudhujoshi/Desktop/Sem_3/VLSI/VLSI_Project/ReportDump/layout_ss/layout_and5.png, id=232, 1923.185pt x 1054.94125pt>
File: /home/sudhujoshi/Desktop/Sem_3/VLSI/VLSI_Project/ReportDump/layout_ss/layout_and5.png Graphic file (type png)
<use /home/sudhujoshi/Desktop/Sem_3/VLSI/VLSI_Project/ReportDump/layout_ss/layout_and5.png>
Package pdftex.def Info: /home/sudhujoshi/Desktop/Sem_3/VLSI/VLSI_Project/ReportDump/layout_ss/layout_and5.png  used on input line 266.
(pdftex.def)             Requested size: 193.5pt x 106.12808pt.
</home/sudhujoshi/Desktop/Sem_3/VLSI/VLSI_Project/ReportDump/layout_ss/layout_or2.png, id=233, 1923.185pt x 1054.94125pt>
File: /home/sudhujoshi/Desktop/Sem_3/VLSI/VLSI_Project/ReportDump/layout_ss/layout_or2.png Graphic file (type png)
<use /home/sudhujoshi/Desktop/Sem_3/VLSI/VLSI_Project/ReportDump/layout_ss/layout_or2.png>
Package pdftex.def Info: /home/sudhujoshi/Desktop/Sem_3/VLSI/VLSI_Project/ReportDump/layout_ss/layout_or2.png  used on input line 274.
(pdftex.def)             Requested size: 193.5pt x 106.12808pt.
</home/sudhujoshi/Desktop/Sem_3/VLSI/VLSI_Project/ReportDump/layout_ss/layout_or3.png, id=234, 1923.185pt x 1054.94125pt>
File: /home/sudhujoshi/Desktop/Sem_3/VLSI/VLSI_Project/ReportDump/layout_ss/layout_or3.png Graphic file (type png)
<use /home/sudhujoshi/Desktop/Sem_3/VLSI/VLSI_Project/ReportDump/layout_ss/layout_or3.png>
Package pdftex.def Info: /home/sudhujoshi/Desktop/Sem_3/VLSI/VLSI_Project/ReportDump/layout_ss/layout_or3.png  used on input line 280.
(pdftex.def)             Requested size: 193.5pt x 106.12808pt.
</home/sudhujoshi/Desktop/Sem_3/VLSI/VLSI_Project/ReportDump/layout_ss/layout_or4.png, id=235, 1923.185pt x 1054.94125pt>
File: /home/sudhujoshi/Desktop/Sem_3/VLSI/VLSI_Project/ReportDump/layout_ss/layout_or4.png Graphic file (type png)
<use /home/sudhujoshi/Desktop/Sem_3/VLSI/VLSI_Project/ReportDump/layout_ss/layout_or4.png>
Package pdftex.def Info: /home/sudhujoshi/Desktop/Sem_3/VLSI/VLSI_Project/ReportDump/layout_ss/layout_or4.png  used on input line 286.
(pdftex.def)             Requested size: 193.5pt x 106.12808pt.
</home/sudhujoshi/Desktop/Sem_3/VLSI/VLSI_Project/ReportDump/layout_ss/layout_or5.png, id=236, 1923.185pt x 1054.94125pt>
File: /home/sudhujoshi/Desktop/Sem_3/VLSI/VLSI_Project/ReportDump/layout_ss/layout_or5.png Graphic file (type png)
<use /home/sudhujoshi/Desktop/Sem_3/VLSI/VLSI_Project/ReportDump/layout_ss/layout_or5.png>
Package pdftex.def Info: /home/sudhujoshi/Desktop/Sem_3/VLSI/VLSI_Project/ReportDump/layout_ss/layout_or5.png  used on input line 292.
(pdftex.def)             Requested size: 193.5pt x 106.12808pt.
</home/sudhujoshi/Desktop/Sem_3/VLSI/VLSI_Project/ReportDump/layout_ss/layout_exor.png, id=237, 1923.185pt x 1054.94125pt>
File: /home/sudhujoshi/Desktop/Sem_3/VLSI/VLSI_Project/ReportDump/layout_ss/layout_exor.png Graphic file (type png)
<use /home/sudhujoshi/Desktop/Sem_3/VLSI/VLSI_Project/ReportDump/layout_ss/layout_exor.png>
Package pdftex.def Info: /home/sudhujoshi/Desktop/Sem_3/VLSI/VLSI_Project/ReportDump/layout_ss/layout_exor.png  used on input line 300.
(pdftex.def)             Requested size: 232.19843pt x 127.36014pt.
 [4

 </home/sudhujoshi/Desktop/Sem_3/VLSI/VLSI_Project/ReportDump/layout_ss/layout_and2.png> </home/sudhujoshi/Desktop/Sem_3/VLSI/VLSI_Project/ReportDump/layout_ss/layout_and3.png> </home/sudhujoshi/Desktop/Sem_3/VLSI/VLSI_Project/ReportDump/layout_ss/layout_and4.png> </home/sudhujoshi/Desktop/Sem_3/VLSI/VLSI_Project/ReportDump/layout_ss/layout_and5.png> </home/sudhujoshi/Desktop/Sem_3/VLSI/VLSI_Project/ReportDump/layout_ss/layout_or2.png> </home/sudhujoshi/Desktop/Sem_3/VLSI/VLSI_Project/ReportDump/layout_ss/layout_or3.png> </home/sudhujoshi/Desktop/Sem_3/VLSI/VLSI_Project/ReportDump/layout_ss/layout_or4.png> </home/sudhujoshi/Desktop/Sem_3/VLSI/VLSI_Project/ReportDump/layout_ss/layout_or5.png>]
</home/sudhujoshi/Desktop/Sem_3/VLSI/VLSI_Project/ReportDump/layout_ss/layout_d_ff.png, id=258, 1923.185pt x 1054.94125pt>
File: /home/sudhujoshi/Desktop/Sem_3/VLSI/VLSI_Project/ReportDump/layout_ss/layout_d_ff.png Graphic file (type png)
<use /home/sudhujoshi/Desktop/Sem_3/VLSI/VLSI_Project/ReportDump/layout_ss/layout_d_ff.png>
Package pdftex.def Info: /home/sudhujoshi/Desktop/Sem_3/VLSI/VLSI_Project/ReportDump/layout_ss/layout_d_ff.png  used on input line 307.
(pdftex.def)             Requested size: 232.19843pt x 127.36014pt.
</home/sudhujoshi/Desktop/Sem_3/VLSI/VLSI_Project/ReportDump/layout_ss/layout_propgen_sum.png, id=259, 1307.88625pt x 1048.91875pt>
File: /home/sudhujoshi/Desktop/Sem_3/VLSI/VLSI_Project/ReportDump/layout_ss/layout_propgen_sum.png Graphic file (type png)
<use /home/sudhujoshi/Desktop/Sem_3/VLSI/VLSI_Project/ReportDump/layout_ss/layout_propgen_sum.png>
Package pdftex.def Info: /home/sudhujoshi/Desktop/Sem_3/VLSI/VLSI_Project/ReportDump/layout_ss/layout_propgen_sum.png  used on input line 313.
(pdftex.def)             Requested size: 232.19843pt x 186.22038pt.
</home/sudhujoshi/Desktop/Sem_3/VLSI/VLSI_Project/ReportDump/netlist_ss/integrated_netlist.png, id=260, 649.42625pt x 763.85374pt>
File: /home/sudhujoshi/Desktop/Sem_3/VLSI/VLSI_Project/ReportDump/netlist_ss/integrated_netlist.png Graphic file (type png)
<use /home/sudhujoshi/Desktop/Sem_3/VLSI/VLSI_Project/ReportDump/netlist_ss/integrated_netlist.png>
Package pdftex.def Info: /home/sudhujoshi/Desktop/Sem_3/VLSI/VLSI_Project/ReportDump/netlist_ss/integrated_netlist.png  used on input line 331.
(pdftex.def)             Requested size: 180.60315pt x 212.42065pt.
</home/sudhujoshi/Desktop/Sem_3/VLSI/VLSI_Project/ReportDump/netlist_ss/inputs.png, id=261, 1785.67125pt x 1044.90375pt>
File: /home/sudhujoshi/Desktop/Sem_3/VLSI/VLSI_Project/ReportDump/netlist_ss/inputs.png Graphic file (type png)
<use /home/sudhujoshi/Desktop/Sem_3/VLSI/VLSI_Project/ReportDump/netlist_ss/inputs.png>
Package pdftex.def Info: /home/sudhujoshi/Desktop/Sem_3/VLSI/VLSI_Project/ReportDump/netlist_ss/inputs.png  used on input line 336.
(pdftex.def)             Requested size: 180.60315pt x 105.67635pt.
</home/sudhujoshi/Desktop/Sem_3/VLSI/VLSI_Project/ReportDump/netlist_ss/propgen.png, id=262, 1785.67125pt x 1044.90375pt>
File: /home/sudhujoshi/Desktop/Sem_3/VLSI/VLSI_Project/ReportDump/netlist_ss/propgen.png Graphic file (type png)
<use /home/sudhujoshi/Desktop/Sem_3/VLSI/VLSI_Project/ReportDump/netlist_ss/propgen.png>
Package pdftex.def Info: /home/sudhujoshi/Desktop/Sem_3/VLSI/VLSI_Project/ReportDump/netlist_ss/propgen.png  used on input line 341.
(pdftex.def)             Requested size: 180.60315pt x 105.67635pt.
</home/sudhujoshi/Desktop/Sem_3/VLSI/VLSI_Project/ReportDump/netlist_ss/carrysum.png, id=263, 1785.67125pt x 1044.90375pt>
File: /home/sudhujoshi/Desktop/Sem_3/VLSI/VLSI_Project/ReportDump/netlist_ss/carrysum.png Graphic file (type png)
<use /home/sudhujoshi/Desktop/Sem_3/VLSI/VLSI_Project/ReportDump/netlist_ss/carrysum.png>
Package pdftex.def Info: /home/sudhujoshi/Desktop/Sem_3/VLSI/VLSI_Project/ReportDump/netlist_ss/carrysum.png  used on input line 346.
(pdftex.def)             Requested size: 180.60315pt x 105.67635pt.
 [5 </home/sudhujoshi/Desktop/Sem_3/VLSI/VLSI_Project/ReportDump/layout_ss/layout_exor.png> </home/sudhujoshi/Desktop/Sem_3/VLSI/VLSI_Project/ReportDump/layout_ss/layout_d_ff.png> </home/sudhujoshi/Desktop/Sem_3/VLSI/VLSI_Project/ReportDump/layout_ss/layout_propgen_sum.png> </home/sudhujoshi/Desktop/Sem_3/VLSI/VLSI_Project/ReportDump/netlist_ss/integrated_netlist.png> </home/sudhujoshi/Desktop/Sem_3/VLSI/VLSI_Project/ReportDump/netlist_ss/inputs.png> </home/sudhujoshi/Desktop/Sem_3/VLSI/VLSI_Project/ReportDump/netlist_ss/propgen.png> </home/sudhujoshi/Desktop/Sem_3/VLSI/VLSI_Project/ReportDump/netlist_ss/carrysum.png>]
</home/sudhujoshi/Desktop/Sem_3/VLSI/VLSI_Project/ReportDump/layout_ss/highlight_cla_layout.png, id=282, 1184.425pt x 629.35126pt>
File: /home/sudhujoshi/Desktop/Sem_3/VLSI/VLSI_Project/ReportDump/layout_ss/highlight_cla_layout.png Graphic file (type png)
<use /home/sudhujoshi/Desktop/Sem_3/VLSI/VLSI_Project/ReportDump/layout_ss/highlight_cla_layout.png>
Package pdftex.def Info: /home/sudhujoshi/Desktop/Sem_3/VLSI/VLSI_Project/ReportDump/layout_ss/highlight_cla_layout.png  used on input line 370.
(pdftex.def)             Requested size: 232.19843pt x 123.3712pt.
</home/sudhujoshi/Desktop/Sem_3/VLSI/VLSI_Project/ReportDump/layout_ss/cla_layout.png, id=283, 1035.87pt x 556.0775pt>
File: /home/sudhujoshi/Desktop/Sem_3/VLSI/VLSI_Project/ReportDump/layout_ss/cla_layout.png Graphic file (type png)
<use /home/sudhujoshi/Desktop/Sem_3/VLSI/VLSI_Project/ReportDump/layout_ss/cla_layout.png>
Package pdftex.def Info: /home/sudhujoshi/Desktop/Sem_3/VLSI/VLSI_Project/ReportDump/layout_ss/cla_layout.png  used on input line 383.
(pdftex.def)             Requested size: 232.19843pt x 124.64536pt.
</home/sudhujoshi/Desktop/Sem_3/VLSI/VLSI_Project/ReportDump/layout_ss/and2_post.png, id=284, 1058.95625pt x 537.00626pt>
File: /home/sudhujoshi/Desktop/Sem_3/VLSI/VLSI_Project/ReportDump/layout_ss/and2_post.png Graphic file (type png)
<use /home/sudhujoshi/Desktop/Sem_3/VLSI/VLSI_Project/ReportDump/layout_ss/and2_post.png>
Package pdftex.def Info: /home/sudhujoshi/Desktop/Sem_3/VLSI/VLSI_Project/ReportDump/layout_ss/and2_post.png  used on input line 390.
(pdftex.def)             Requested size: 206.39685pt x 104.66254pt.
</home/sudhujoshi/Desktop/Sem_3/VLSI/VLSI_Project/ReportDump/layout_ss/and3_post.png, id=285, 1061.9675pt x 537.00626pt>
File: /home/sudhujoshi/Desktop/Sem_3/VLSI/VLSI_Project/ReportDump/layout_ss/and3_post.png Graphic file (type png)
<use /home/sudhujoshi/Desktop/Sem_3/VLSI/VLSI_Project/ReportDump/layout_ss/and3_post.png>
Package pdftex.def Info: /home/sudhujoshi/Desktop/Sem_3/VLSI/VLSI_Project/ReportDump/layout_ss/and3_post.png  used on input line 395.
(pdftex.def)             Requested size: 206.39685pt x 104.36754pt.
</home/sudhujoshi/Desktop/Sem_3/VLSI/VLSI_Project/ReportDump/layout_ss/and4_post.png, id=286, 1061.9675pt x 542.025pt>
File: /home/sudhujoshi/Desktop/Sem_3/VLSI/VLSI_Project/ReportDump/layout_ss/and4_post.png Graphic file (type png)
<use /home/sudhujoshi/Desktop/Sem_3/VLSI/VLSI_Project/ReportDump/layout_ss/and4_post.png>
Package pdftex.def Info: /home/sudhujoshi/Desktop/Sem_3/VLSI/VLSI_Project/ReportDump/layout_ss/and4_post.png  used on input line 400.
(pdftex.def)             Requested size: 206.39685pt x 105.34294pt.
</home/sudhujoshi/Desktop/Sem_3/VLSI/VLSI_Project/ReportDump/layout_ss/and5_post.png, id=287, 1016.79875pt x 538.01pt>
File: /home/sudhujoshi/Desktop/Sem_3/VLSI/VLSI_Project/ReportDump/layout_ss/and5_post.png Graphic file (type png)
<use /home/sudhujoshi/Desktop/Sem_3/VLSI/VLSI_Project/ReportDump/layout_ss/and5_post.png>
Package pdftex.def Info: /home/sudhujoshi/Desktop/Sem_3/VLSI/VLSI_Project/ReportDump/layout_ss/and5_post.png  used on input line 405.
(pdftex.def)             Requested size: 206.39685pt x 109.20912pt.
</home/sudhujoshi/Desktop/Sem_3/VLSI/VLSI_Project/ReportDump/layout_ss/or2_post.png, id=288, 1016.79875pt x 537.00626pt>
File: /home/sudhujoshi/Desktop/Sem_3/VLSI/VLSI_Project/ReportDump/layout_ss/or2_post.png Graphic file (type png)
<use /home/sudhujoshi/Desktop/Sem_3/VLSI/VLSI_Project/ReportDump/layout_ss/or2_post.png>
Package pdftex.def Info: /home/sudhujoshi/Desktop/Sem_3/VLSI/VLSI_Project/ReportDump/layout_ss/or2_post.png  used on input line 413.
(pdftex.def)             Requested size: 206.39685pt x 109.00537pt.
</home/sudhujoshi/Desktop/Sem_3/VLSI/VLSI_Project/ReportDump/layout_ss/or3_post.png, id=289, 1016.79875pt x 537.00626pt>
File: /home/sudhujoshi/Desktop/Sem_3/VLSI/VLSI_Project/ReportDump/layout_ss/or3_post.png Graphic file (type png)
<use /home/sudhujoshi/Desktop/Sem_3/VLSI/VLSI_Project/ReportDump/layout_ss/or3_post.png>
Package pdftex.def Info: /home/sudhujoshi/Desktop/Sem_3/VLSI/VLSI_Project/ReportDump/layout_ss/or3_post.png  used on input line 418.
(pdftex.def)             Requested size: 206.39685pt x 109.00537pt.

Underfull \vbox (badness 10000) has occurred while \output is active []

 [6 </home/sudhujoshi/Desktop/Sem_3/VLSI/VLSI_Project/ReportDump/layout_ss/highlight_cla_layout.png> </home/sudhujoshi/Desktop/Sem_3/VLSI/VLSI_Project/ReportDump/layout_ss/cla_layout.png> </home/sudhujoshi/Desktop/Sem_3/VLSI/VLSI_Project/ReportDump/layout_ss/and2_post.png> </home/sudhujoshi/Desktop/Sem_3/VLSI/VLSI_Project/ReportDump/layout_ss/and3_post.png> </home/sudhujoshi/Desktop/Sem_3/VLSI/VLSI_Project/ReportDump/layout_ss/and4_post.png> </home/sudhujoshi/Desktop/Sem_3/VLSI/VLSI_Project/ReportDump/layout_ss/and5_post.png>]
</home/sudhujoshi/Desktop/Sem_3/VLSI/VLSI_Project/ReportDump/layout_ss/or4_post.png, id=306, 1016.79875pt x 542.025pt>
File: /home/sudhujoshi/Desktop/Sem_3/VLSI/VLSI_Project/ReportDump/layout_ss/or4_post.png Graphic file (type png)
<use /home/sudhujoshi/Desktop/Sem_3/VLSI/VLSI_Project/ReportDump/layout_ss/or4_post.png>
Package pdftex.def Info: /home/sudhujoshi/Desktop/Sem_3/VLSI/VLSI_Project/ReportDump/layout_ss/or4_post.png  used on input line 423.
(pdftex.def)             Requested size: 206.39685pt x 110.02411pt.
</home/sudhujoshi/Desktop/Sem_3/VLSI/VLSI_Project/ReportDump/layout_ss/or5_post.png, id=307, 1001.7425pt x 536.0025pt>
File: /home/sudhujoshi/Desktop/Sem_3/VLSI/VLSI_Project/ReportDump/layout_ss/or5_post.png Graphic file (type png)
<use /home/sudhujoshi/Desktop/Sem_3/VLSI/VLSI_Project/ReportDump/layout_ss/or5_post.png>
Package pdftex.def Info: /home/sudhujoshi/Desktop/Sem_3/VLSI/VLSI_Project/ReportDump/layout_ss/or5_post.png  used on input line 428.
(pdftex.def)             Requested size: 206.39685pt x 110.43738pt.
</home/sudhujoshi/Desktop/Sem_3/VLSI/VLSI_Project/ReportDump/layout_ss/exor2_post.png, id=308, 1016.79875pt x 538.01pt>
File: /home/sudhujoshi/Desktop/Sem_3/VLSI/VLSI_Project/ReportDump/layout_ss/exor2_post.png Graphic file (type png)
<use /home/sudhujoshi/Desktop/Sem_3/VLSI/VLSI_Project/ReportDump/layout_ss/exor2_post.png>
Package pdftex.def Info: /home/sudhujoshi/Desktop/Sem_3/VLSI/VLSI_Project/ReportDump/layout_ss/exor2_post.png  used on input line 435.
(pdftex.def)             Requested size: 180.60315pt x 95.55696pt.
</home/sudhujoshi/Desktop/Sem_3/VLSI/VLSI_Project/ReportDump/layout_ss/d_ff_post.png, id=309, 1016.79875pt x 544.0325pt>
File: /home/sudhujoshi/Desktop/Sem_3/VLSI/VLSI_Project/ReportDump/layout_ss/d_ff_post.png Graphic file (type png)
<use /home/sudhujoshi/Desktop/Sem_3/VLSI/VLSI_Project/ReportDump/layout_ss/d_ff_post.png>
Package pdftex.def Info: /home/sudhujoshi/Desktop/Sem_3/VLSI/VLSI_Project/ReportDump/layout_ss/d_ff_post.png  used on input line 440.
(pdftex.def)             Requested size: 180.60315pt x 96.62662pt.

Underfull \vbox (badness 10000) has occurred while \output is active []

</home/sudhujoshi/Desktop/Sem_3/VLSI/VLSI_Project/ReportDump/layout_ss/propgen_post.png, id=310, 1666.225pt x 1043.9pt>
File: /home/sudhujoshi/Desktop/Sem_3/VLSI/VLSI_Project/ReportDump/layout_ss/propgen_post.png Graphic file (type png)
<use /home/sudhujoshi/Desktop/Sem_3/VLSI/VLSI_Project/ReportDump/layout_ss/propgen_post.png>
Package pdftex.def Info: /home/sudhujoshi/Desktop/Sem_3/VLSI/VLSI_Project/ReportDump/layout_ss/propgen_post.png  used on input line 446.
(pdftex.def)             Requested size: 180.60315pt x 113.14091pt.
</home/sudhujoshi/Desktop/Sem_3/VLSI/VLSI_Project/ReportDump/layout_ss/sum_post.png, id=311, 1771.61874pt x 999.735pt>
File: /home/sudhujoshi/Desktop/Sem_3/VLSI/VLSI_Project/ReportDump/layout_ss/sum_post.png Graphic file (type png)
<use /home/sudhujoshi/Desktop/Sem_3/VLSI/VLSI_Project/ReportDump/layout_ss/sum_post.png>
Package pdftex.def Info: /home/sudhujoshi/Desktop/Sem_3/VLSI/VLSI_Project/ReportDump/layout_ss/sum_post.png  used on input line 451.
(pdftex.def)             Requested size: 180.60315pt x 101.90144pt.

Overfull \hbox (23.06204pt too wide) in paragraph at lines 458--469
 [][] 
 []

[7 </home/sudhujoshi/Desktop/Sem_3/VLSI/VLSI_Project/ReportDump/layout_ss/or2_post.png> </home/sudhujoshi/Desktop/Sem_3/VLSI/VLSI_Project/ReportDump/layout_ss/or3_post.png> </home/sudhujoshi/Desktop/Sem_3/VLSI/VLSI_Project/ReportDump/layout_ss/or4_post.png> </home/sudhujoshi/Desktop/Sem_3/VLSI/VLSI_Project/ReportDump/layout_ss/or5_post.png> </home/sudhujoshi/Desktop/Sem_3/VLSI/VLSI_Project/ReportDump/layout_ss/exor2_post.png> </home/sudhujoshi/Desktop/Sem_3/VLSI/VLSI_Project/ReportDump/layout_ss/d_ff_post.png> </home/sudhujoshi/Desktop/Sem_3/VLSI/VLSI_Project/ReportDump/layout_ss/propgen_post.png> </home/sudhujoshi/Desktop/Sem_3/VLSI/VLSI_Project/ReportDump/layout_ss/sum_post.png>]
</home/sudhujoshi/Desktop/Sem_3/VLSI/VLSI_Project/ReportDump/verilog_ss/module.png, id=339, 885.3075pt x 644.4075pt>
File: /home/sudhujoshi/Desktop/Sem_3/VLSI/VLSI_Project/ReportDump/verilog_ss/module.png Graphic file (type png)
<use /home/sudhujoshi/Desktop/Sem_3/VLSI/VLSI_Project/ReportDump/verilog_ss/module.png>
Package pdftex.def Info: /home/sudhujoshi/Desktop/Sem_3/VLSI/VLSI_Project/ReportDump/verilog_ss/module.png  used on input line 503.
(pdftex.def)             Requested size: 180.60315pt x 131.45541pt.
</home/sudhujoshi/Desktop/Sem_3/VLSI/VLSI_Project/ReportDump/verilog_ss/testbench.png, id=340, 794.97pt x 781.92125pt>
File: /home/sudhujoshi/Desktop/Sem_3/VLSI/VLSI_Project/ReportDump/verilog_ss/testbench.png Graphic file (type png)
<use /home/sudhujoshi/Desktop/Sem_3/VLSI/VLSI_Project/ReportDump/verilog_ss/testbench.png>
Package pdftex.def Info: /home/sudhujoshi/Desktop/Sem_3/VLSI/VLSI_Project/ReportDump/verilog_ss/testbench.png  used on input line 508.
(pdftex.def)             Requested size: 180.60315pt x 177.63084pt.
</home/sudhujoshi/Desktop/Sem_3/VLSI/VLSI_Project/ReportDump/verilog_ss/gtkwave.png, id=341, 1678.27pt x 181.67876pt>
File: /home/sudhujoshi/Desktop/Sem_3/VLSI/VLSI_Project/ReportDump/verilog_ss/gtkwave.png Graphic file (type png)
<use /home/sudhujoshi/Desktop/Sem_3/VLSI/VLSI_Project/ReportDump/verilog_ss/gtkwave.png>
Package pdftex.def Info: /home/sudhujoshi/Desktop/Sem_3/VLSI/VLSI_Project/ReportDump/verilog_ss/gtkwave.png  used on input line 513.
(pdftex.def)             Requested size: 206.39685pt x 22.34108pt.
</home/sudhujoshi/Desktop/Sem_3/VLSI/VLSI_Project/ReportDump/verilog_ss/verilog_res.png, id=342, 483.8075pt x 970.62625pt>
File: /home/sudhujoshi/Desktop/Sem_3/VLSI/VLSI_Project/ReportDump/verilog_ss/verilog_res.png Graphic file (type png)
<use /home/sudhujoshi/Desktop/Sem_3/VLSI/VLSI_Project/ReportDump/verilog_ss/verilog_res.png>
Package pdftex.def Info: /home/sudhujoshi/Desktop/Sem_3/VLSI/VLSI_Project/ReportDump/verilog_ss/verilog_res.png  used on input line 518.
(pdftex.def)             Requested size: 129.0pt x 258.79945pt.
</home/sudhujoshi/Desktop/Sem_3/VLSI/VLSI_Project/ReportDump/verilog_ss/board.png, id=344, 498.86375pt x 430.60875pt>
File: /home/sudhujoshi/Desktop/Sem_3/VLSI/VLSI_Project/ReportDump/verilog_ss/board.png Graphic file (type png)
<use /home/sudhujoshi/Desktop/Sem_3/VLSI/VLSI_Project/ReportDump/verilog_ss/board.png>
Package pdftex.def Info: /home/sudhujoshi/Desktop/Sem_3/VLSI/VLSI_Project/ReportDump/verilog_ss/board.png  used on input line 532.
(pdftex.def)             Requested size: 154.80157pt x 133.61873pt.
</home/sudhujoshi/Desktop/Sem_3/VLSI/VLSI_Project/ReportDump/verilog_ss/oscilloscope.png, id=345, 710.655pt x 470.75874pt>
File: /home/sudhujoshi/Desktop/Sem_3/VLSI/VLSI_Project/ReportDump/verilog_ss/oscilloscope.png Graphic file (type png)
<use /home/sudhujoshi/Desktop/Sem_3/VLSI/VLSI_Project/ReportDump/verilog_ss/oscilloscope.png>
Package pdftex.def Info: /home/sudhujoshi/Desktop/Sem_3/VLSI/VLSI_Project/ReportDump/verilog_ss/oscilloscope.png  used on input line 537.
(pdftex.def)             Requested size: 154.80157pt x 102.54004pt.
 [8 </home/sudhujoshi/Desktop/Sem_3/VLSI/VLSI_Project/ReportDump/verilog_ss/module.png> </home/sudhujoshi/Desktop/Sem_3/VLSI/VLSI_Project/ReportDump/verilog_ss/testbench.png> </home/sudhujoshi/Desktop/Sem_3/VLSI/VLSI_Project/ReportDump/verilog_ss/gtkwave.png> </home/sudhujoshi/Desktop/Sem_3/VLSI/VLSI_Project/ReportDump/verilog_ss/verilog_res.png> </home/sudhujoshi/Desktop/Sem_3/VLSI/VLSI_Project/ReportDump/verilog_ss/board.png> </home/sudhujoshi/Desktop/Sem_3/VLSI/VLSI_Project/ReportDump/verilog_ss/oscilloscope.png>]
Underfull \hbox (badness 6047) in paragraph at lines 547--550
[]\OT1/ptm/m/n/10 1. In-ter-na-tional Jour-nal of Re-cent Tech-nol-ogy and
 []


Underfull \hbox (badness 10000) in paragraph at lines 547--550

 []


Underfull \hbox (badness 10000) in paragraph at lines 551--552

 []


** Conference Paper **
Before submitting the final camera ready copy, remember to:

 1. Manually equalize the lengths of two columns on the last page
 of your paper;

 2. Ensure that any PostScript and/or PDF output post-processing
 uses only Type 1 fonts and that every step in the generation
 process uses the appropriate paper size.

[9

] (./2023102022_Project.aux)
Package rerunfilecheck Info: File `2023102022_Project.out' has not changed.
(rerunfilecheck)             Checksum: 1BC0E0C035BCBA8B9B4662009F993648;4322.
 ) 
Here is how much of TeX's memory you used:
 23870 strings out of 480247
 463206 string characters out of 5896151
 697699 words of memory out of 5000000
 41293 multiletter control sequences out of 15000+600000
 505639 words of font info for 98 fonts, out of 8000000 for 9000
 14 hyphenation exceptions out of 8191
 84i,10n,80p,478b,413s stack positions out of 5000i,500n,10000p,200000b,80000s
{/usr/share/texlive/texmf-dist/fonts/enc/dvips/base/8r.enc}</usr/share/texlive/texmf-dist/fonts/type1/public/amsfonts/cm/cmmi10.pfb></usr/share/texlive/texmf-dist/fonts/type1/public/amsfonts/cm/cmmi7.pfb></usr/share/texlive/texmf-dist/fonts/type1/public/amsfonts/cm/cmmi8.pfb></usr/share/texlive/texmf-dist/fonts/type1/public/amsfonts/cm/cmr10.pfb></usr/share/texlive/texmf-dist/fonts/type1/public/amsfonts/cm/cmr6.pfb></usr/share/texlive/texmf-dist/fonts/type1/public/amsfonts/cm/cmr7.pfb></usr/share/texlive/texmf-dist/fonts/type1/public/amsfonts/cm/cmr8.pfb></usr/share/texlive/texmf-dist/fonts/type1/public/amsfonts/cm/cmsy10.pfb></usr/share/texlive/texmf-dist/fonts/type1/public/amsfonts/cm/cmsy6.pfb></usr/share/texlive/texmf-dist/fonts/type1/public/amsfonts/cm/cmsy7.pfb></usr/share/texlive/texmf-dist/fonts/type1/public/amsfonts/cm/cmsy8.pfb></usr/share/texlive/texmf-dist/fonts/type1/public/amsfonts/symbols/msam10.pfb></usr/share/texlive/texmf-dist/fonts/type1/urw/times/utmb8a.pfb></usr/share/texlive/texmf-dist/fonts/type1/urw/times/utmbi8a.pfb></usr/share/texlive/texmf-dist/fonts/type1/urw/times/utmr8a.pfb></usr/share/texlive/texmf-dist/fonts/type1/urw/times/utmri8a.pfb>
Output written on 2023102022_Project.pdf (9 pages, 3908462 bytes).
PDF statistics:
 461 PDF objects out of 1000 (max. 8388607)
 317 compressed objects within 4 object streams
 101 named destinations out of 1000 (max. 500000)
 567 words of extra memory for PDF output out of 10000 (max. 10000000)

